  main.cpp
c:\users\leaf\desktop\hw\cg\2021\hw1\hw1_vs2017_framework\openglframework-vs2017\main.cpp(342): warning C4305: '正在初始化': 從 'double' 轉換為 'GLfloat'，是由較大的類型轉換為較小的類型，可能導致資料遺失
c:\users\leaf\desktop\hw\cg\2021\hw1\hw1_vs2017_framework\openglframework-vs2017\main.cpp(349): warning C4305: '正在初始化': 從 'double' 轉換為 'GLfloat'，是由較大的類型轉換為較小的類型，可能導致資料遺失
c:\users\leaf\desktop\hw\cg\2021\hw1\hw1_vs2017_framework\openglframework-vs2017\main.cpp(518): warning C4244: '引數': 將 'double' 轉換為 'float'，由於類型不同，可能導致資料遺失
c:\users\leaf\desktop\hw\cg\2021\hw1\hw1_vs2017_framework\openglframework-vs2017\main.cpp(521): warning C4244: '引數': 將 'double' 轉換為 'float'，由於類型不同，可能導致資料遺失
c:\users\leaf\desktop\hw\cg\2021\hw1\hw1_vs2017_framework\openglframework-vs2017\main.cpp(524): warning C4244: '引數': 將 'double' 轉換為 'float'，由於類型不同，可能導致資料遺失
c:\users\leaf\desktop\hw\cg\2021\hw1\hw1_vs2017_framework\openglframework-vs2017\main.cpp(527): warning C4244: '引數': 將 'double' 轉換為 'float'，由於類型不同，可能導致資料遺失
c:\users\leaf\desktop\hw\cg\2021\hw1\hw1_vs2017_framework\openglframework-vs2017\main.cpp(531): warning C4244: '引數': 將 'double' 轉換為 'float'，由於類型不同，可能導致資料遺失
c:\users\leaf\desktop\hw\cg\2021\hw1\hw1_vs2017_framework\openglframework-vs2017\main.cpp(535): warning C4244: '引數': 將 'double' 轉換為 'float'，由於類型不同，可能導致資料遺失
c:\users\leaf\desktop\hw\cg\2021\hw1\hw1_vs2017_framework\openglframework-vs2017\main.cpp(553): warning C4244: '引數': 將 'double' 轉換為 'float'，由於類型不同，可能導致資料遺失
c:\users\leaf\desktop\hw\cg\2021\hw1\hw1_vs2017_framework\openglframework-vs2017\main.cpp(556): warning C4244: '引數': 將 'double' 轉換為 'float'，由於類型不同，可能導致資料遺失
c:\users\leaf\desktop\hw\cg\2021\hw1\hw1_vs2017_framework\openglframework-vs2017\main.cpp(559): warning C4244: '引數': 將 'double' 轉換為 'float'，由於類型不同，可能導致資料遺失
c:\users\leaf\desktop\hw\cg\2021\hw1\hw1_vs2017_framework\openglframework-vs2017\main.cpp(562): warning C4244: '引數': 將 'double' 轉換為 'float'，由於類型不同，可能導致資料遺失
c:\users\leaf\desktop\hw\cg\2021\hw1\hw1_vs2017_framework\openglframework-vs2017\main.cpp(566): warning C4244: '引數': 將 'double' 轉換為 'float'，由於類型不同，可能導致資料遺失
c:\users\leaf\desktop\hw\cg\2021\hw1\hw1_vs2017_framework\openglframework-vs2017\main.cpp(570): warning C4244: '引數': 將 'double' 轉換為 'float'，由於類型不同，可能導致資料遺失
c:\users\leaf\desktop\hw\cg\2021\hw1\hw1_vs2017_framework\openglframework-vs2017\main.cpp(575): warning C4244: '=': 將 'double' 轉換為 'int'，由於類型不同，可能導致資料遺失
c:\users\leaf\desktop\hw\cg\2021\hw1\hw1_vs2017_framework\openglframework-vs2017\main.cpp(576): warning C4244: '=': 將 'double' 轉換為 'int'，由於類型不同，可能導致資料遺失
c:\users\leaf\desktop\hw\cg\2021\hw1\hw1_vs2017_framework\openglframework-vs2017\main.cpp(791): warning C4477: 'printf' : 格式字串 '%d' 需要 'int' 類型的引數，但 variadic 引數 1 的類型為 'unsigned __int64'
  c:\users\leaf\desktop\hw\cg\2021\hw1\hw1_vs2017_framework\openglframework-vs2017\main.cpp(791): note: 請考慮在格式字串中使用 '%zd'
c:\users\leaf\desktop\hw\cg\2021\hw1\hw1_vs2017_framework\openglframework-vs2017\main.cpp(791): warning C4477: 'printf' : 格式字串 '%d' 需要 'int' 類型的引數，但 variadic 引數 2 的類型為 'unsigned __int64'
  c:\users\leaf\desktop\hw\cg\2021\hw1\hw1_vs2017_framework\openglframework-vs2017\main.cpp(791): note: 請考慮在格式字串中使用 '%zd'
c:\users\leaf\desktop\hw\cg\2021\hw1\hw1_vs2017_framework\openglframework-vs2017\main.cpp(803): warning C4267: '=': 將 'size_t' 轉換為 'int'，資料可能遺失
c:\users\leaf\desktop\hw\cg\2021\hw1\hw1_vs2017_framework\openglframework-vs2017\main.cpp(828): warning C4305: '=': 從 'double' 轉換為 'GLfloat'，是由較大的類型轉換為較小的類型，可能導致資料遺失
c:\users\leaf\desktop\hw\cg\2021\hw1\hw1_vs2017_framework\openglframework-vs2017\main.cpp(848): warning C4305: '引數': 從 'double' 轉換為 'GLfloat'，是由較大的類型轉換為較小的類型，可能導致資料遺失
c:\users\leaf\desktop\hw\cg\2021\hw1\hw1_vs2017_framework\openglframework-vs2017\main.cpp(852): warning C4267: '=': 將 'size_t' 轉換為 'int'，資料可能遺失
  OpenGLFramework-VS2017.vcxproj -> C:\Users\Leaf\Desktop\HW\CG\2021\HW1\HW1_VS2017_Framework\x64\Debug\OpenGLFramework-VS2017.exe
