  glad.c
  main.cpp
c:\users\leaf\desktop\hw\cg\computergraphic\hw3\as03_originaltemplate\openglframework-vs2017\openglframework-vs2017\main.cpp(290): warning C4244: '引數': 將 'double' 轉換為 'float'，由於類型不同，可能導致資料遺失
c:\users\leaf\desktop\hw\cg\computergraphic\hw3\as03_originaltemplate\openglframework-vs2017\openglframework-vs2017\main.cpp(371): warning C4267: '=': 將 'size_t' 轉換為 'int'，資料可能遺失
c:\users\leaf\desktop\hw\cg\computergraphic\hw3\as03_originaltemplate\openglframework-vs2017\openglframework-vs2017\main.cpp(422): warning C4244: '-=': 將 'double' 轉換為 'float'，由於類型不同，可能導致資料遺失
c:\users\leaf\desktop\hw\cg\computergraphic\hw3\as03_originaltemplate\openglframework-vs2017\openglframework-vs2017\main.cpp(427): warning C4244: '+=': 將 'double' 轉換為 'float'，由於類型不同，可能導致資料遺失
c:\users\leaf\desktop\hw\cg\computergraphic\hw3\as03_originaltemplate\openglframework-vs2017\openglframework-vs2017\main.cpp(432): warning C4244: '+=': 將 'double' 轉換為 'float'，由於類型不同，可能導致資料遺失
c:\users\leaf\desktop\hw\cg\computergraphic\hw3\as03_originaltemplate\openglframework-vs2017\openglframework-vs2017\main.cpp(437): warning C4244: '+=': 將 'double' 轉換為 'float'，由於類型不同，可能導致資料遺失
c:\users\leaf\desktop\hw\cg\computergraphic\hw3\as03_originaltemplate\openglframework-vs2017\openglframework-vs2017\main.cpp(440): warning C4244: '+=': 將 'double' 轉換為 'float'，由於類型不同，可能導致資料遺失
c:\users\leaf\desktop\hw\cg\computergraphic\hw3\as03_originaltemplate\openglframework-vs2017\openglframework-vs2017\main.cpp(443): warning C4244: '+=': 將 'double' 轉換為 'float'，由於類型不同，可能導致資料遺失
c:\users\leaf\desktop\hw\cg\computergraphic\hw3\as03_originaltemplate\openglframework-vs2017\openglframework-vs2017\main.cpp(468): warning C4244: '正在初始化': 將 'int' 轉換為 'float'，由於類型不同，可能導致資料遺失
c:\users\leaf\desktop\hw\cg\computergraphic\hw3\as03_originaltemplate\openglframework-vs2017\openglframework-vs2017\main.cpp(469): warning C4244: '正在初始化': 將 'int' 轉換為 'float'，由於類型不同，可能導致資料遺失
c:\users\leaf\desktop\hw\cg\computergraphic\hw3\as03_originaltemplate\openglframework-vs2017\openglframework-vs2017\main.cpp(475): warning C4244: '+=': 將 'double' 轉換為 'float'，由於類型不同，可能導致資料遺失
c:\users\leaf\desktop\hw\cg\computergraphic\hw3\as03_originaltemplate\openglframework-vs2017\openglframework-vs2017\main.cpp(476): warning C4244: '+=': 將 'double' 轉換為 'float'，由於類型不同，可能導致資料遺失
c:\users\leaf\desktop\hw\cg\computergraphic\hw3\as03_originaltemplate\openglframework-vs2017\openglframework-vs2017\main.cpp(481): warning C4244: '+=': 將 'double' 轉換為 'float'，由於類型不同，可能導致資料遺失
c:\users\leaf\desktop\hw\cg\computergraphic\hw3\as03_originaltemplate\openglframework-vs2017\openglframework-vs2017\main.cpp(482): warning C4244: '-=': 將 'double' 轉換為 'float'，由於類型不同，可能導致資料遺失
c:\users\leaf\desktop\hw\cg\computergraphic\hw3\as03_originaltemplate\openglframework-vs2017\openglframework-vs2017\main.cpp(487): warning C4244: '+=': 將 'double' 轉換為 'float'，由於類型不同，可能導致資料遺失
c:\users\leaf\desktop\hw\cg\computergraphic\hw3\as03_originaltemplate\openglframework-vs2017\openglframework-vs2017\main.cpp(488): warning C4244: '+=': 將 'double' 轉換為 'float'，由於類型不同，可能導致資料遺失
c:\users\leaf\desktop\hw\cg\computergraphic\hw3\as03_originaltemplate\openglframework-vs2017\openglframework-vs2017\main.cpp(493): warning C4244: '+=': 將 'double' 轉換為 'float'，由於類型不同，可能導致資料遺失
c:\users\leaf\desktop\hw\cg\computergraphic\hw3\as03_originaltemplate\openglframework-vs2017\openglframework-vs2017\main.cpp(494): warning C4244: '+=': 將 'double' 轉換為 'float'，由於類型不同，可能導致資料遺失
c:\users\leaf\desktop\hw\cg\computergraphic\hw3\as03_originaltemplate\openglframework-vs2017\openglframework-vs2017\main.cpp(497): warning C4244: '+=': 將 'double' 轉換為 'float'，由於類型不同，可能導致資料遺失
c:\users\leaf\desktop\hw\cg\computergraphic\hw3\as03_originaltemplate\openglframework-vs2017\openglframework-vs2017\main.cpp(498): warning C4244: '+=': 將 'double' 轉換為 'float'，由於類型不同，可能導致資料遺失
c:\users\leaf\desktop\hw\cg\computergraphic\hw3\as03_originaltemplate\openglframework-vs2017\openglframework-vs2017\main.cpp(501): warning C4244: '+=': 將 'double' 轉換為 'float'，由於類型不同，可能導致資料遺失
c:\users\leaf\desktop\hw\cg\computergraphic\hw3\as03_originaltemplate\openglframework-vs2017\openglframework-vs2017\main.cpp(502): warning C4244: '+=': 將 'double' 轉換為 'float'，由於類型不同，可能導致資料遺失
c:\users\leaf\desktop\hw\cg\computergraphic\hw3\as03_originaltemplate\openglframework-vs2017\openglframework-vs2017\main.cpp(771): warning C4267: '=': 將 'size_t' 轉換為 'int'，資料可能遺失
c:\users\leaf\desktop\hw\cg\computergraphic\hw3\as03_originaltemplate\openglframework-vs2017\openglframework-vs2017\main.cpp(837): warning C4477: 'printf' : 格式字串 '%d' 需要 'int' 類型的引數，但 variadic 引數 1 的類型為 'unsigned __int64'
  c:\users\leaf\desktop\hw\cg\computergraphic\hw3\as03_originaltemplate\openglframework-vs2017\openglframework-vs2017\main.cpp(837): note: 請考慮在格式字串中使用 '%zd'
c:\users\leaf\desktop\hw\cg\computergraphic\hw3\as03_originaltemplate\openglframework-vs2017\openglframework-vs2017\main.cpp(837): warning C4477: 'printf' : 格式字串 '%d' 需要 'int' 類型的引數，但 variadic 引數 2 的類型為 'unsigned __int64'
  c:\users\leaf\desktop\hw\cg\computergraphic\hw3\as03_originaltemplate\openglframework-vs2017\openglframework-vs2017\main.cpp(837): note: 請考慮在格式字串中使用 '%zd'
c:\users\leaf\desktop\hw\cg\computergraphic\hw3\as03_originaltemplate\openglframework-vs2017\openglframework-vs2017\main.cpp(887): warning C4305: '=': 從 'double' 轉換為 'GLfloat'，是由較大的類型轉換為較小的類型，可能導致資料遺失
c:\users\leaf\desktop\hw\cg\computergraphic\hw3\as03_originaltemplate\openglframework-vs2017\openglframework-vs2017\main.cpp(917): warning C4305: '引數': 從 'double' 轉換為 'GLfloat'，是由較大的類型轉換為較小的類型，可能導致資料遺失
  textfile.cpp
c:\users\leaf\desktop\hw\cg\computergraphic\hw3\as03_originaltemplate\openglframework-vs2017\openglframework-vs2017\textfile.cpp(23): warning C4267: '=': 將 'size_t' 轉換為 'int'，資料可能遺失
  正在產生程式碼...
LINK : warning LNK4098: 預設的程式庫 'MSVCRT' 與其他使用的程式庫衝突，請使用 /NODEFAULTLIB:library
  OpenGLFramework-VS2017.vcxproj -> C:\Users\Leaf\Desktop\HW\CG\ComputerGraphic\HW3\AS03_OriginalTemplate\OpenGLFramework-VS2017\x64\Debug\OpenGLFramework-VS2017.exe
