  main.cpp
c:\users\leaf\desktop\hw\cg\computergraphic\hw2\as02_framework\openglframework-vs2017\main.cpp(290): warning C4244: '引數': 將 'double' 轉換為 'float'，由於類型不同，可能導致資料遺失
c:\users\leaf\desktop\hw\cg\computergraphic\hw2\as02_framework\openglframework-vs2017\main.cpp(367): warning C4244: '引數': 將 'GLint' 轉換為 'GLfloat'，由於類型不同，可能導致資料遺失
c:\users\leaf\desktop\hw\cg\computergraphic\hw2\as02_framework\openglframework-vs2017\main.cpp(461): warning C4244: '引數': 將 'double' 轉換為 'float'，由於類型不同，可能導致資料遺失
c:\users\leaf\desktop\hw\cg\computergraphic\hw2\as02_framework\openglframework-vs2017\main.cpp(464): warning C4244: '引數': 將 'double' 轉換為 'float'，由於類型不同，可能導致資料遺失
c:\users\leaf\desktop\hw\cg\computergraphic\hw2\as02_framework\openglframework-vs2017\main.cpp(467): warning C4244: '引數': 將 'double' 轉換為 'float'，由於類型不同，可能導致資料遺失
c:\users\leaf\desktop\hw\cg\computergraphic\hw2\as02_framework\openglframework-vs2017\main.cpp(470): warning C4244: '引數': 將 'double' 轉換為 'float'，由於類型不同，可能導致資料遺失
c:\users\leaf\desktop\hw\cg\computergraphic\hw2\as02_framework\openglframework-vs2017\main.cpp(474): warning C4244: '引數': 將 'double' 轉換為 'float'，由於類型不同，可能導致資料遺失
c:\users\leaf\desktop\hw\cg\computergraphic\hw2\as02_framework\openglframework-vs2017\main.cpp(478): warning C4244: '引數': 將 'double' 轉換為 'float'，由於類型不同，可能導致資料遺失
c:\users\leaf\desktop\hw\cg\computergraphic\hw2\as02_framework\openglframework-vs2017\main.cpp(483): warning C4244: '引數': 將 'double' 轉換為 'float'，由於類型不同，可能導致資料遺失
c:\users\leaf\desktop\hw\cg\computergraphic\hw2\as02_framework\openglframework-vs2017\main.cpp(486): warning C4244: '引數': 將 'double' 轉換為 'float'，由於類型不同，可能導致資料遺失
c:\users\leaf\desktop\hw\cg\computergraphic\hw2\as02_framework\openglframework-vs2017\main.cpp(489): warning C4244: '+=': 將 'double' 轉換為 'GLint'，由於類型不同，可能導致資料遺失
c:\users\leaf\desktop\hw\cg\computergraphic\hw2\as02_framework\openglframework-vs2017\main.cpp(494): warning C4244: '+=': 將 'double' 轉換為 'GLfloat'，由於類型不同，可能導致資料遺失
c:\users\leaf\desktop\hw\cg\computergraphic\hw2\as02_framework\openglframework-vs2017\main.cpp(512): warning C4244: '引數': 將 'double' 轉換為 'float'，由於類型不同，可能導致資料遺失
c:\users\leaf\desktop\hw\cg\computergraphic\hw2\as02_framework\openglframework-vs2017\main.cpp(515): warning C4244: '引數': 將 'double' 轉換為 'float'，由於類型不同，可能導致資料遺失
c:\users\leaf\desktop\hw\cg\computergraphic\hw2\as02_framework\openglframework-vs2017\main.cpp(518): warning C4244: '引數': 將 'double' 轉換為 'float'，由於類型不同，可能導致資料遺失
c:\users\leaf\desktop\hw\cg\computergraphic\hw2\as02_framework\openglframework-vs2017\main.cpp(521): warning C4244: '引數': 將 'double' 轉換為 'float'，由於類型不同，可能導致資料遺失
c:\users\leaf\desktop\hw\cg\computergraphic\hw2\as02_framework\openglframework-vs2017\main.cpp(525): warning C4244: '引數': 將 'double' 轉換為 'float'，由於類型不同，可能導致資料遺失
c:\users\leaf\desktop\hw\cg\computergraphic\hw2\as02_framework\openglframework-vs2017\main.cpp(529): warning C4244: '引數': 將 'double' 轉換為 'float'，由於類型不同，可能導致資料遺失
c:\users\leaf\desktop\hw\cg\computergraphic\hw2\as02_framework\openglframework-vs2017\main.cpp(534): warning C4244: '引數': 將 'double' 轉換為 'float'，由於類型不同，可能導致資料遺失
c:\users\leaf\desktop\hw\cg\computergraphic\hw2\as02_framework\openglframework-vs2017\main.cpp(537): warning C4244: '引數': 將 'double' 轉換為 'float'，由於類型不同，可能導致資料遺失
c:\users\leaf\desktop\hw\cg\computergraphic\hw2\as02_framework\openglframework-vs2017\main.cpp(540): warning C4244: '引數': 將 'double' 轉換為 'float'，由於類型不同，可能導致資料遺失
c:\users\leaf\desktop\hw\cg\computergraphic\hw2\as02_framework\openglframework-vs2017\main.cpp(546): warning C4244: '=': 將 'double' 轉換為 'int'，由於類型不同，可能導致資料遺失
c:\users\leaf\desktop\hw\cg\computergraphic\hw2\as02_framework\openglframework-vs2017\main.cpp(547): warning C4244: '=': 將 'double' 轉換為 'int'，由於類型不同，可能導致資料遺失
c:\users\leaf\desktop\hw\cg\computergraphic\hw2\as02_framework\openglframework-vs2017\main.cpp(794): warning C4477: 'printf' : 格式字串 '%d' 需要 'int' 類型的引數，但 variadic 引數 1 的類型為 'unsigned __int64'
  c:\users\leaf\desktop\hw\cg\computergraphic\hw2\as02_framework\openglframework-vs2017\main.cpp(794): note: 請考慮在格式字串中使用 '%zd'
c:\users\leaf\desktop\hw\cg\computergraphic\hw2\as02_framework\openglframework-vs2017\main.cpp(794): warning C4477: 'printf' : 格式字串 '%d' 需要 'int' 類型的引數，但 variadic 引數 2 的類型為 'unsigned __int64'
  c:\users\leaf\desktop\hw\cg\computergraphic\hw2\as02_framework\openglframework-vs2017\main.cpp(794): note: 請考慮在格式字串中使用 '%zd'
c:\users\leaf\desktop\hw\cg\computergraphic\hw2\as02_framework\openglframework-vs2017\main.cpp(824): warning C4267: '=': 將 'size_t' 轉換為 'int'，資料可能遺失
c:\users\leaf\desktop\hw\cg\computergraphic\hw2\as02_framework\openglframework-vs2017\main.cpp(856): warning C4305: '=': 從 'double' 轉換為 'GLfloat'，是由較大的類型轉換為較小的類型，可能導致資料遺失
c:\users\leaf\desktop\hw\cg\computergraphic\hw2\as02_framework\openglframework-vs2017\main.cpp(887): warning C4305: '引數': 從 'double' 轉換為 'GLfloat'，是由較大的類型轉換為較小的類型，可能導致資料遺失
c:\users\leaf\desktop\hw\cg\computergraphic\hw2\as02_framework\openglframework-vs2017\main.cpp(890): warning C4267: '=': 將 'size_t' 轉換為 'int'，資料可能遺失
  OpenGLFramework-VS2017.vcxproj -> C:\Users\Leaf\Desktop\HW\CG\ComputerGraphic\HW2\AS02_Framework\x64\Debug\OpenGLFramework-VS2017.exe
