  main.cpp
c:\users\leaf\desktop\hw\cg\computergraphic\hw3\openglframework-vs2017\openglframework-vs2017\main.cpp(160): warning C4267: '正在初始化': 將 'size_t' 轉換為 'int'，資料可能遺失
c:\users\leaf\desktop\hw\cg\computergraphic\hw3\openglframework-vs2017\openglframework-vs2017\main.cpp(327): warning C4244: '引數': 將 'double' 轉換為 'float'，由於類型不同，可能導致資料遺失
c:\users\leaf\desktop\hw\cg\computergraphic\hw3\openglframework-vs2017\openglframework-vs2017\main.cpp(374): warning C4244: '=': 將 'double' 轉換為 'float'，由於類型不同，可能導致資料遺失
c:\users\leaf\desktop\hw\cg\computergraphic\hw3\openglframework-vs2017\openglframework-vs2017\main.cpp(375): warning C4244: '=': 將 'double' 轉換為 'float'，由於類型不同，可能導致資料遺失
c:\users\leaf\desktop\hw\cg\computergraphic\hw3\openglframework-vs2017\openglframework-vs2017\main.cpp(398): warning C4244: '引數': 將 'GLint' 轉換為 'GLfloat'，由於類型不同，可能導致資料遺失
c:\users\leaf\desktop\hw\cg\computergraphic\hw3\openglframework-vs2017\openglframework-vs2017\main.cpp(464): warning C4267: '=': 將 'size_t' 轉換為 'int'，資料可能遺失
c:\users\leaf\desktop\hw\cg\computergraphic\hw3\openglframework-vs2017\openglframework-vs2017\main.cpp(552): warning C4244: '-=': 將 'double' 轉換為 'float'，由於類型不同，可能導致資料遺失
c:\users\leaf\desktop\hw\cg\computergraphic\hw3\openglframework-vs2017\openglframework-vs2017\main.cpp(557): warning C4244: '+=': 將 'double' 轉換為 'float'，由於類型不同，可能導致資料遺失
c:\users\leaf\desktop\hw\cg\computergraphic\hw3\openglframework-vs2017\openglframework-vs2017\main.cpp(562): warning C4244: '+=': 將 'double' 轉換為 'float'，由於類型不同，可能導致資料遺失
c:\users\leaf\desktop\hw\cg\computergraphic\hw3\openglframework-vs2017\openglframework-vs2017\main.cpp(567): warning C4244: '+=': 將 'double' 轉換為 'float'，由於類型不同，可能導致資料遺失
c:\users\leaf\desktop\hw\cg\computergraphic\hw3\openglframework-vs2017\openglframework-vs2017\main.cpp(570): warning C4244: '+=': 將 'double' 轉換為 'float'，由於類型不同，可能導致資料遺失
c:\users\leaf\desktop\hw\cg\computergraphic\hw3\openglframework-vs2017\openglframework-vs2017\main.cpp(573): warning C4244: '+=': 將 'double' 轉換為 'float'，由於類型不同，可能導致資料遺失
c:\users\leaf\desktop\hw\cg\computergraphic\hw3\openglframework-vs2017\openglframework-vs2017\main.cpp(577): warning C4244: '引數': 將 'double' 轉換為 'float'，由於類型不同，可能導致資料遺失
c:\users\leaf\desktop\hw\cg\computergraphic\hw3\openglframework-vs2017\openglframework-vs2017\main.cpp(580): warning C4244: '引數': 將 'double' 轉換為 'float'，由於類型不同，可能導致資料遺失
c:\users\leaf\desktop\hw\cg\computergraphic\hw3\openglframework-vs2017\openglframework-vs2017\main.cpp(583): warning C4244: '+=': 將 'double' 轉換為 'GLint'，由於類型不同，可能導致資料遺失
c:\users\leaf\desktop\hw\cg\computergraphic\hw3\openglframework-vs2017\openglframework-vs2017\main.cpp(588): warning C4244: '+=': 將 'double' 轉換為 'GLfloat'，由於類型不同，可能導致資料遺失
c:\users\leaf\desktop\hw\cg\computergraphic\hw3\openglframework-vs2017\openglframework-vs2017\main.cpp(614): warning C4244: '正在初始化': 將 'int' 轉換為 'float'，由於類型不同，可能導致資料遺失
c:\users\leaf\desktop\hw\cg\computergraphic\hw3\openglframework-vs2017\openglframework-vs2017\main.cpp(615): warning C4244: '正在初始化': 將 'int' 轉換為 'float'，由於類型不同，可能導致資料遺失
c:\users\leaf\desktop\hw\cg\computergraphic\hw3\openglframework-vs2017\openglframework-vs2017\main.cpp(621): warning C4244: '+=': 將 'double' 轉換為 'float'，由於類型不同，可能導致資料遺失
c:\users\leaf\desktop\hw\cg\computergraphic\hw3\openglframework-vs2017\openglframework-vs2017\main.cpp(622): warning C4244: '+=': 將 'double' 轉換為 'float'，由於類型不同，可能導致資料遺失
c:\users\leaf\desktop\hw\cg\computergraphic\hw3\openglframework-vs2017\openglframework-vs2017\main.cpp(627): warning C4244: '+=': 將 'double' 轉換為 'float'，由於類型不同，可能導致資料遺失
c:\users\leaf\desktop\hw\cg\computergraphic\hw3\openglframework-vs2017\openglframework-vs2017\main.cpp(628): warning C4244: '-=': 將 'double' 轉換為 'float'，由於類型不同，可能導致資料遺失
c:\users\leaf\desktop\hw\cg\computergraphic\hw3\openglframework-vs2017\openglframework-vs2017\main.cpp(633): warning C4244: '+=': 將 'double' 轉換為 'float'，由於類型不同，可能導致資料遺失
c:\users\leaf\desktop\hw\cg\computergraphic\hw3\openglframework-vs2017\openglframework-vs2017\main.cpp(634): warning C4244: '+=': 將 'double' 轉換為 'float'，由於類型不同，可能導致資料遺失
c:\users\leaf\desktop\hw\cg\computergraphic\hw3\openglframework-vs2017\openglframework-vs2017\main.cpp(639): warning C4244: '+=': 將 'double' 轉換為 'float'，由於類型不同，可能導致資料遺失
c:\users\leaf\desktop\hw\cg\computergraphic\hw3\openglframework-vs2017\openglframework-vs2017\main.cpp(640): warning C4244: '+=': 將 'double' 轉換為 'float'，由於類型不同，可能導致資料遺失
c:\users\leaf\desktop\hw\cg\computergraphic\hw3\openglframework-vs2017\openglframework-vs2017\main.cpp(643): warning C4244: '+=': 將 'double' 轉換為 'float'，由於類型不同，可能導致資料遺失
c:\users\leaf\desktop\hw\cg\computergraphic\hw3\openglframework-vs2017\openglframework-vs2017\main.cpp(644): warning C4244: '+=': 將 'double' 轉換為 'float'，由於類型不同，可能導致資料遺失
c:\users\leaf\desktop\hw\cg\computergraphic\hw3\openglframework-vs2017\openglframework-vs2017\main.cpp(647): warning C4244: '+=': 將 'double' 轉換為 'float'，由於類型不同，可能導致資料遺失
c:\users\leaf\desktop\hw\cg\computergraphic\hw3\openglframework-vs2017\openglframework-vs2017\main.cpp(648): warning C4244: '+=': 將 'double' 轉換為 'float'，由於類型不同，可能導致資料遺失
c:\users\leaf\desktop\hw\cg\computergraphic\hw3\openglframework-vs2017\openglframework-vs2017\main.cpp(652): warning C4244: '引數': 將 'double' 轉換為 'float'，由於類型不同，可能導致資料遺失
c:\users\leaf\desktop\hw\cg\computergraphic\hw3\openglframework-vs2017\openglframework-vs2017\main.cpp(655): warning C4244: '引數': 將 'double' 轉換為 'float'，由於類型不同，可能導致資料遺失
c:\users\leaf\desktop\hw\cg\computergraphic\hw3\openglframework-vs2017\openglframework-vs2017\main.cpp(658): warning C4244: '引數': 將 'double' 轉換為 'float'，由於類型不同，可能導致資料遺失
c:\users\leaf\desktop\hw\cg\computergraphic\hw3\openglframework-vs2017\openglframework-vs2017\main.cpp(932): warning C4267: '=': 將 'size_t' 轉換為 'int'，資料可能遺失
c:\users\leaf\desktop\hw\cg\computergraphic\hw3\openglframework-vs2017\openglframework-vs2017\main.cpp(998): warning C4477: 'printf' : 格式字串 '%d' 需要 'int' 類型的引數，但 variadic 引數 1 的類型為 'unsigned __int64'
  c:\users\leaf\desktop\hw\cg\computergraphic\hw3\openglframework-vs2017\openglframework-vs2017\main.cpp(998): note: 請考慮在格式字串中使用 '%zd'
c:\users\leaf\desktop\hw\cg\computergraphic\hw3\openglframework-vs2017\openglframework-vs2017\main.cpp(998): warning C4477: 'printf' : 格式字串 '%d' 需要 'int' 類型的引數，但 variadic 引數 2 的類型為 'unsigned __int64'
  c:\users\leaf\desktop\hw\cg\computergraphic\hw3\openglframework-vs2017\openglframework-vs2017\main.cpp(998): note: 請考慮在格式字串中使用 '%zd'
c:\users\leaf\desktop\hw\cg\computergraphic\hw3\openglframework-vs2017\openglframework-vs2017\main.cpp(1056): warning C4305: '=': 從 'double' 轉換為 'GLfloat'，是由較大的類型轉換為較小的類型，可能導致資料遺失
c:\users\leaf\desktop\hw\cg\computergraphic\hw3\openglframework-vs2017\openglframework-vs2017\main.cpp(1115): warning C4305: '引數': 從 'double' 轉換為 'GLfloat'，是由較大的類型轉換為較小的類型，可能導致資料遺失
  OpenGLFramework-VS2017.vcxproj -> C:\Users\Leaf\Desktop\HW\CG\ComputerGraphic\HW3\OpenGLFramework-VS2017\x64\Debug\OpenGLFramework-VS2017.exe
